<?xml version="1.0" encoding="UTF-8"?>
<testsuite xmlns:xsi="http://www.w3.org/2001/XMLSchema-instance" xsi:noNamespaceSchemaLocation="https://maven.apache.org/surefire/maven-surefire-plugin/xsd/surefire-test-report.xsd" name="fr.univavignon.pokedex.api.IPokedexTest" time="0" tests="11" errors="0" skipped="0" failures="0">
  <properties>
    <property name="java.specification.version" value="17"/>
    <property name="sun.jnu.encoding" value="UTF-8"/>
    <property name="java.class.path" value="/home/circleci/project/target/test-classes:/home/circleci/project/target/classes:/home/circleci/.m2/repository/org/apache/commons/commons-collections4/4.0/commons-collections4-4.0.jar:/home/circleci/.m2/repository/junit/junit/4.13.2/junit-4.13.2.jar:/home/circleci/.m2/repository/org/hamcrest/hamcrest-core/1.3/hamcrest-core-1.3.jar:/home/circleci/.m2/repository/org/mockito/mockito-core/4.5.1/mockito-core-4.5.1.jar:/home/circleci/.m2/repository/net/bytebuddy/byte-buddy/1.12.9/byte-buddy-1.12.9.jar:/home/circleci/.m2/repository/net/bytebuddy/byte-buddy-agent/1.12.9/byte-buddy-agent-1.12.9.jar:/home/circleci/.m2/repository/org/objenesis/objenesis/3.2/objenesis-3.2.jar:"/>
    <property name="java.vm.vendor" value="Eclipse Adoptium"/>
    <property name="sun.arch.data.model" value="64"/>
    <property name="java.vendor.url" value="https://adoptium.net/"/>
    <property name="os.name" value="Linux"/>
    <property name="java.vm.specification.version" value="17"/>
    <property name="sun.java.launcher" value="SUN_STANDARD"/>
    <property name="user.country" value="US"/>
    <property name="sun.boot.library.path" value="/usr/local/jdk-17.0.13/lib"/>
    <property name="sun.java.command" value="/home/circleci/project/target/surefire/surefirebooter1122484589413183720.jar /home/circleci/project/target/surefire 2024-12-10T14-55-42_457-jvmRun1 surefire2092942425602620411tmp surefire_014638030824366271004tmp"/>
    <property name="jdk.debug" value="release"/>
    <property name="surefire.test.class.path" value="/home/circleci/project/target/test-classes:/home/circleci/project/target/classes:/home/circleci/.m2/repository/org/apache/commons/commons-collections4/4.0/commons-collections4-4.0.jar:/home/circleci/.m2/repository/junit/junit/4.13.2/junit-4.13.2.jar:/home/circleci/.m2/repository/org/hamcrest/hamcrest-core/1.3/hamcrest-core-1.3.jar:/home/circleci/.m2/repository/org/mockito/mockito-core/4.5.1/mockito-core-4.5.1.jar:/home/circleci/.m2/repository/net/bytebuddy/byte-buddy/1.12.9/byte-buddy-1.12.9.jar:/home/circleci/.m2/repository/net/bytebuddy/byte-buddy-agent/1.12.9/byte-buddy-agent-1.12.9.jar:/home/circleci/.m2/repository/org/objenesis/objenesis/3.2/objenesis-3.2.jar:"/>
    <property name="sun.cpu.endian" value="little"/>
    <property name="user.home" value="/home/circleci"/>
    <property name="user.language" value="en"/>
    <property name="java.specification.vendor" value="Oracle Corporation"/>
    <property name="java.version.date" value="2024-10-15"/>
    <property name="java.home" value="/usr/local/jdk-17.0.13"/>
    <property name="file.separator" value="/"/>
    <property name="basedir" value="/home/circleci/project"/>
    <property name="java.vm.compressedOopsMode" value="32-bit"/>
    <property name="line.separator" value="&#10;"/>
    <property name="java.specification.name" value="Java Platform API Specification"/>
    <property name="java.vm.specification.vendor" value="Oracle Corporation"/>
    <property name="surefire.real.class.path" value="/home/circleci/project/target/surefire/surefirebooter1122484589413183720.jar"/>
    <property name="sun.management.compiler" value="HotSpot 64-Bit Tiered Compilers"/>
    <property name="java.runtime.version" value="17.0.13+11"/>
    <property name="user.name" value="circleci"/>
    <property name="path.separator" value=":"/>
    <property name="os.version" value="6.8.0-1018-aws"/>
    <property name="java.runtime.name" value="OpenJDK Runtime Environment"/>
    <property name="file.encoding" value="UTF-8"/>
    <property name="java.vm.name" value="OpenJDK 64-Bit Server VM"/>
    <property name="java.vendor.version" value="Temurin-17.0.13+11"/>
    <property name="localRepository" value="/home/circleci/.m2/repository"/>
    <property name="java.vendor.url.bug" value="https://github.com/adoptium/adoptium-support/issues"/>
    <property name="java.io.tmpdir" value="/tmp"/>
    <property name="java.version" value="17.0.13"/>
    <property name="user.dir" value="/home/circleci/project"/>
    <property name="os.arch" value="amd64"/>
    <property name="java.vm.specification.name" value="Java Virtual Machine Specification"/>
    <property name="native.encoding" value="UTF-8"/>
    <property name="java.library.path" value="/usr/java/packages/lib:/usr/lib64:/lib64:/lib:/usr/lib"/>
    <property name="java.vm.info" value="mixed mode, sharing"/>
    <property name="java.vendor" value="Eclipse Adoptium"/>
    <property name="java.vm.version" value="17.0.13+11"/>
    <property name="java.specification.maintenance.version" value="1"/>
    <property name="sun.io.unicode.encoding" value="UnicodeLittle"/>
    <property name="java.class.version" value="61.0"/>
  </properties>
  <testcase name="shouldThrowPokedexException_WhenGetPokemon151" classname="fr.univavignon.pokedex.api.IPokedexTest" time="0"/>
  <testcase name="shouldReturn0_WhenBulbizarreAdded" classname="fr.univavignon.pokedex.api.IPokedexTest" time="0"/>
  <testcase name="shouldReturnPokemonsSortedByIndex_WhenGetPokemonsPokemonComparatorIndex" classname="fr.univavignon.pokedex.api.IPokedexTest" time="0"/>
  <testcase name="shouldReturnBulbizarre_WhenGetPokemon0" classname="fr.univavignon.pokedex.api.IPokedexTest" time="0"/>
  <testcase name="shouldThrowPokedexExceptionWhenGetMetadata25" classname="fr.univavignon.pokedex.api.IPokedexTest" time="0"/>
  <testcase name="shouldReturn0_WhenPokedexSize" classname="fr.univavignon.pokedex.api.IPokedexTest" time="0"/>
  <testcase name="shouldReturnPokemonMetadataBulbizarreWhenGetMetadata" classname="fr.univavignon.pokedex.api.IPokedexTest" time="0"/>
  <testcase name="shouldReturnPokemons_WhenGetPokemons" classname="fr.univavignon.pokedex.api.IPokedexTest" time="0"/>
  <testcase name="shouldReturnPokemonBulbizarreWhenCreated" classname="fr.univavignon.pokedex.api.IPokedexTest" time="0"/>
  <testcase name="shouldThrowPokedexException_WhenGetPokemon26" classname="fr.univavignon.pokedex.api.IPokedexTest" time="0"/>
  <testcase name="shouldThrowPokedexException_WhenGetPokemonNegative" classname="fr.univavignon.pokedex.api.IPokedexTest" time="0"/>
</testsuite>